0 info it worked if it ends with ok
1 verbose cli [ 'node', '/usr/local/bin/npm', 'install' ]
2 info using npm@1.4.14
3 info using node@v0.10.29
4 verbose readDependencies using package.json deps
5 verbose install where, deps [ '/Users/ndoty/Documents/Sites/ArloRobot-Web-Control copy',
5 verbose install   [ 'express',
5 verbose install     'csr-gen',
5 verbose install     'stylus',
5 verbose install     'nib',
5 verbose install     'path',
5 verbose install     'os',
5 verbose install     'open',
5 verbose install     'opentok',
5 verbose install     'socket.io',
5 verbose install     'node-static' ] ]
6 info preinstall iRobot-Create-Browser@0.1.0
7 verbose readDependencies using package.json deps
8 warn package.json create-oi@0.0.4 No repository field.
9 warn package.json path@0.4.9 path is also the name of a node core module.
10 verbose cache add [ 'os@0.0.14', null ]
11 verbose cache add name=undefined spec="os@0.0.14" args=["os@0.0.14",null]
12 verbose parsed url { protocol: null,
12 verbose parsed url   slashes: null,
12 verbose parsed url   auth: null,
12 verbose parsed url   host: null,
12 verbose parsed url   port: null,
12 verbose parsed url   hostname: null,
12 verbose parsed url   hash: null,
12 verbose parsed url   search: null,
12 verbose parsed url   query: null,
12 verbose parsed url   pathname: 'os@0.0.14',
12 verbose parsed url   path: 'os@0.0.14',
12 verbose parsed url   href: 'os@0.0.14' }
13 verbose already installed skipping csr-gen@0.2.1 /Users/ndoty/Documents/Sites/ArloRobot-Web-Control copy
14 verbose cache add name="os" spec="0.0.14" args=["os","0.0.14"]
15 verbose parsed url { protocol: null,
15 verbose parsed url   slashes: null,
15 verbose parsed url   auth: null,
15 verbose parsed url   host: null,
15 verbose parsed url   port: null,
15 verbose parsed url   hostname: null,
15 verbose parsed url   hash: null,
15 verbose parsed url   search: null,
15 verbose parsed url   query: null,
15 verbose parsed url   pathname: '0.0.14',
15 verbose parsed url   path: '0.0.14',
15 verbose parsed url   href: '0.0.14' }
16 verbose addNamed [ 'os', '0.0.14' ]
17 verbose addNamed [ '0.0.14', '0.0.14' ]
18 verbose cache add [ 'stylus@0.37.0', null ]
19 verbose cache add name=undefined spec="stylus@0.37.0" args=["stylus@0.37.0",null]
20 verbose parsed url { protocol: null,
20 verbose parsed url   slashes: null,
20 verbose parsed url   auth: null,
20 verbose parsed url   host: null,
20 verbose parsed url   port: null,
20 verbose parsed url   hostname: null,
20 verbose parsed url   hash: null,
20 verbose parsed url   search: null,
20 verbose parsed url   query: null,
20 verbose parsed url   pathname: 'stylus@0.37.0',
20 verbose parsed url   path: 'stylus@0.37.0',
20 verbose parsed url   href: 'stylus@0.37.0' }
21 silly lockFile 50c5c948-os-0-0-14 os@0.0.14
22 verbose lock os@0.0.14 /Users/ndoty/.npm/50c5c948-os-0-0-14.lock
23 verbose already installed skipping open@0.0.4 /Users/ndoty/Documents/Sites/ArloRobot-Web-Control copy
24 verbose cache add name="stylus" spec="0.37.0" args=["stylus","0.37.0"]
25 verbose parsed url { protocol: null,
25 verbose parsed url   slashes: null,
25 verbose parsed url   auth: null,
25 verbose parsed url   host: null,
25 verbose parsed url   port: null,
25 verbose parsed url   hostname: null,
25 verbose parsed url   hash: null,
25 verbose parsed url   search: null,
25 verbose parsed url   query: null,
25 verbose parsed url   pathname: '0.37.0',
25 verbose parsed url   path: '0.37.0',
25 verbose parsed url   href: '0.37.0' }
26 verbose addNamed [ 'stylus', '0.37.0' ]
27 verbose addNamed [ '0.37.0', '0.37.0' ]
28 silly lockFile 7cbfd9bc-stylus-0-37-0 stylus@0.37.0
29 verbose lock stylus@0.37.0 /Users/ndoty/.npm/7cbfd9bc-stylus-0-37-0.lock
30 verbose already installed skipping nib@1.0.1 /Users/ndoty/Documents/Sites/ArloRobot-Web-Control copy
31 verbose already installed skipping opentok@0.3.4 /Users/ndoty/Documents/Sites/ArloRobot-Web-Control copy
32 verbose url raw os
33 verbose url resolving [ 'https://registry.npmjs.org/', './os' ]
34 verbose url resolved https://registry.npmjs.org/os
35 info trying registry request attempt 1 at 15:16:17
36 http GET https://registry.npmjs.org/os
37 verbose cache add [ 'socket.io@0.9.16', null ]
38 verbose cache add name=undefined spec="socket.io@0.9.16" args=["socket.io@0.9.16",null]
39 verbose parsed url { protocol: null,
39 verbose parsed url   slashes: null,
39 verbose parsed url   auth: null,
39 verbose parsed url   host: null,
39 verbose parsed url   port: null,
39 verbose parsed url   hostname: null,
39 verbose parsed url   hash: null,
39 verbose parsed url   search: null,
39 verbose parsed url   query: null,
39 verbose parsed url   pathname: 'socket.io@0.9.16',
39 verbose parsed url   path: 'socket.io@0.9.16',
39 verbose parsed url   href: 'socket.io@0.9.16' }
40 verbose cache add [ 'node-static@~0.7.1', null ]
41 verbose cache add name=undefined spec="node-static@~0.7.1" args=["node-static@~0.7.1",null]
42 verbose parsed url { protocol: null,
42 verbose parsed url   slashes: null,
42 verbose parsed url   auth: null,
42 verbose parsed url   host: null,
42 verbose parsed url   port: null,
42 verbose parsed url   hostname: null,
42 verbose parsed url   hash: null,
42 verbose parsed url   search: null,
42 verbose parsed url   query: null,
42 verbose parsed url   pathname: 'node-static@~0.7.1',
42 verbose parsed url   path: 'node-static@~0.7.1',
42 verbose parsed url   href: 'node-static@~0.7.1' }
43 verbose already installed skipping path@0.4.9 /Users/ndoty/Documents/Sites/ArloRobot-Web-Control copy
44 verbose already installed skipping express@3.4.0 /Users/ndoty/Documents/Sites/ArloRobot-Web-Control copy
45 verbose cache add name="socket.io" spec="0.9.16" args=["socket.io","0.9.16"]
46 verbose parsed url { protocol: null,
46 verbose parsed url   slashes: null,
46 verbose parsed url   auth: null,
46 verbose parsed url   host: null,
46 verbose parsed url   port: null,
46 verbose parsed url   hostname: null,
46 verbose parsed url   hash: null,
46 verbose parsed url   search: null,
46 verbose parsed url   query: null,
46 verbose parsed url   pathname: '0.9.16',
46 verbose parsed url   path: '0.9.16',
46 verbose parsed url   href: '0.9.16' }
47 verbose addNamed [ 'socket.io', '0.9.16' ]
48 verbose addNamed [ '0.9.16', '0.9.16' ]
49 silly lockFile a7acce22-socket-io-0-9-16 socket.io@0.9.16
50 verbose lock socket.io@0.9.16 /Users/ndoty/.npm/a7acce22-socket-io-0-9-16.lock
51 verbose cache add name="node-static" spec="~0.7.1" args=["node-static","~0.7.1"]
52 verbose parsed url { protocol: null,
52 verbose parsed url   slashes: null,
52 verbose parsed url   auth: null,
52 verbose parsed url   host: null,
52 verbose parsed url   port: null,
52 verbose parsed url   hostname: null,
52 verbose parsed url   hash: null,
52 verbose parsed url   search: null,
52 verbose parsed url   query: null,
52 verbose parsed url   pathname: '~0.7.1',
52 verbose parsed url   path: '~0.7.1',
52 verbose parsed url   href: '~0.7.1' }
53 verbose addNamed [ 'node-static', '~0.7.1' ]
54 verbose addNamed [ null, '>=0.7.1-0 <0.8.0-0' ]
55 silly lockFile 61bc1d5e-node-static-0-7-1 node-static@~0.7.1
56 verbose lock node-static@~0.7.1 /Users/ndoty/.npm/61bc1d5e-node-static-0-7-1.lock
57 silly addNameRange { name: 'node-static',
57 silly addNameRange   range: '>=0.7.1-0 <0.8.0-0',
57 silly addNameRange   hasData: false }
58 verbose url raw node-static
59 verbose url resolving [ 'https://registry.npmjs.org/', './node-static' ]
60 verbose url resolved https://registry.npmjs.org/node-static
61 info trying registry request attempt 1 at 15:16:17
62 http GET https://registry.npmjs.org/node-static
63 verbose url raw socket.io
64 verbose url resolving [ 'https://registry.npmjs.org/', './socket.io' ]
65 verbose url resolved https://registry.npmjs.org/socket.io
66 info trying registry request attempt 1 at 15:16:17
67 verbose etag "5KWAZBEV2Q3RROQPVOEVYBSYP"
68 http GET https://registry.npmjs.org/socket.io
69 verbose url raw stylus
70 verbose url resolving [ 'https://registry.npmjs.org/', './stylus' ]
71 verbose url resolved https://registry.npmjs.org/stylus
72 info trying registry request attempt 1 at 15:16:17
73 verbose etag "1C0KDIBBAAASY8EW7ZVNUNB7W"
74 http GET https://registry.npmjs.org/stylus
75 http 404 https://registry.npmjs.org/os
76 verbose headers { date: 'Mon, 02 Mar 2015 20:16:18 GMT',
76 verbose headers   server: 'CouchDB/1.6.1 (Erlang OTP/R14B04)',
76 verbose headers   'content-type': 'application/json',
76 verbose headers   'cache-control': 'max-age=0',
76 verbose headers   'content-length': '52',
76 verbose headers   'accept-ranges': 'bytes',
76 verbose headers   via: '1.1 varnish',
76 verbose headers   age: '0',
76 verbose headers   'x-served-by': 'cache-dfw1834-DFW',
76 verbose headers   'x-cache': 'MISS',
76 verbose headers   'x-cache-hits': '0',
76 verbose headers   'x-timer': 'S1425327377.898969,VS0,VE195',
76 verbose headers   'keep-alive': 'timeout=10, max=50',
76 verbose headers   connection: 'Keep-Alive' }
77 silly registry.get cb [ 404,
77 silly registry.get   { date: 'Mon, 02 Mar 2015 20:16:18 GMT',
77 silly registry.get     server: 'CouchDB/1.6.1 (Erlang OTP/R14B04)',
77 silly registry.get     'content-type': 'application/json',
77 silly registry.get     'cache-control': 'max-age=0',
77 silly registry.get     'content-length': '52',
77 silly registry.get     'accept-ranges': 'bytes',
77 silly registry.get     via: '1.1 varnish',
77 silly registry.get     age: '0',
77 silly registry.get     'x-served-by': 'cache-dfw1834-DFW',
77 silly registry.get     'x-cache': 'MISS',
77 silly registry.get     'x-cache-hits': '0',
77 silly registry.get     'x-timer': 'S1425327377.898969,VS0,VE195',
77 silly registry.get     'keep-alive': 'timeout=10, max=50',
77 silly registry.get     connection: 'Keep-Alive' } ]
78 silly lockFile 50c5c948-os-0-0-14 os@0.0.14
79 silly lockFile 50c5c948-os-0-0-14 os@0.0.14
80 error 404 404 Not Found: os
80 error 404
80 error 404 'os' is not in the npm registry.
80 error 404 You should bug the author to publish it
80 error 404 It was specified as a dependency of 'iRobot-Create-Browser'
80 error 404
80 error 404 Note that you can also install from a
80 error 404 tarball, folder, or http url, or git url.
81 error System Darwin 13.3.0
82 error command "node" "/usr/local/bin/npm" "install"
83 error cwd /Users/ndoty/Documents/Sites/ArloRobot-Web-Control copy
84 error node -v v0.10.29
85 error npm -v 1.4.14
86 error code E404
87 verbose exit [ 1, true ]
